<?xml version="1.0" encoding="UTF-8"?>
<!-- Generated by org.testng.reporters.JUnitReportReporter -->
<testsuite skipped="0" hostname="DESKTOP-F9SN8P7" name="Vtigerwithpomrepository.CreateOrgwithpomlibTest" tests="1" failures="0" timestamp="2 Nov 2021 11:00:59 GMT" time="38.466" errors="0">
  <testcase name="createOrg" time="38.466" classname="Vtigerwithpomrepository.CreateOrgwithpomlibTest"/>
</testsuite> <!-- Vtigerwithpomrepository.CreateOrgwithpomlibTest -->
