<?xml version="1.0" encoding="UTF-8"?>
<!-- Generated by org.testng.reporters.JUnitReportReporter -->
<testsuite skipped="0" hostname="DESKTOP-F9SN8P7" name="db_practice.MakemytripbookDynamicTest" tests="1" failures="0" timestamp="9 Nov 2021 06:48:27 GMT" time="46.509" errors="0">
  <testcase name="makeMyTripTest" time="46.509" classname="db_practice.MakemytripbookDynamicTest"/>
</testsuite> <!-- db_practice.MakemytripbookDynamicTest -->
