<?xml version="1.0" encoding="UTF-8"?>
<!-- Generated by org.testng.reporters.JUnitReportReporter -->
<testsuite skipped="0" hostname="DESKTOP-F9SN8P7" name="Practice_test.VtigerwithindustriesandType" tests="1" failures="0" timestamp="28 Oct 2021 09:46:28 GMT" time="46.726" errors="0">
  <testcase name="CreateOrgwithIndustry" time="46.726" classname="Practice_test.VtigerwithindustriesandType"/>
</testsuite> <!-- Practice_test.VtigerwithindustriesandType -->
