<?xml version="1.0" encoding="UTF-8"?>
<!-- Generated by org.testng.reporters.JUnitReportReporter -->
<testsuite skipped="0" hostname="DESKTOP-F9SN8P7" name="Practice_Test.VtiegerwithOrgname_Test" tests="1" failures="0" timestamp="28 Oct 2021 14:30:27 GMT" time="74.969" errors="0">
  <testcase name="createWithOrgname" time="74.969" classname="Practice_Test.VtiegerwithOrgname_Test"/>
</testsuite> <!-- Practice_Test.VtiegerwithOrgname_Test -->
