<?xml version="1.0" encoding="UTF-8"?>
<!-- Generated by org.testng.reporters.JUnitReportReporter -->
<testsuite skipped="0" hostname="DESKTOP-F9SN8P7" name="Vtigerwithpomrepository.CreateContactwithOrgNamepomTest" tests="1" failures="0" timestamp="2 Nov 2021 11:26:31 GMT" time="92.735" errors="0">
  <testcase name="CreatecontactwithOrgTest" time="92.735" classname="Vtigerwithpomrepository.CreateContactwithOrgNamepomTest"/>
</testsuite> <!-- Vtigerwithpomrepository.CreateContactwithOrgNamepomTest -->
