<?xml version="1.0" encoding="UTF-8"?>
<!-- Generated by org.testng.reporters.JUnitReportReporter -->
<testsuite hostname="DESKTOP-F9SN8P7" failures="0" tests="1" name="db_practice.HandlingDynamicwebtable" time="63.573" errors="0" timestamp="2021-11-10T10:25:51 IST" skipped="0">
  <testcase classname="db_practice.HandlingDynamicwebtable" name="handlewebTable" time="63.573"/>
  <system-out/>
</testsuite> <!-- db_practice.HandlingDynamicwebtable -->
