<?xml version="1.0" encoding="UTF-8"?>
<!-- Generated by org.testng.reporters.JUnitReportReporter -->
<testsuite hostname="DESKTOP-F9SN8P7" failures="0" tests="1" name="db_practice.ClearTripBookCurrentDateTest" time="53.234" errors="0" timestamp="2021-11-10T21:18:14 IST" skipped="0">
  <testcase classname="db_practice.ClearTripBookCurrentDateTest" name="clearTripCurrentdateTest" time="53.234"/>
  <system-out/>
</testsuite> <!-- db_practice.ClearTripBookCurrentDateTest -->
