<?xml version="1.0" encoding="UTF-8"?>
<!-- Generated by org.testng.reporters.JUnitReportReporter -->
<testsuite skipped="0" hostname="DESKTOP-F9SN8P7" name="Practice_Test.Vtigerwithindustriestype_Test" tests="1" failures="0" timestamp="28 Oct 2021 14:30:26 GMT" time="50.907" errors="0">
  <testcase name="CreateOrgwithIndustry" time="50.907" classname="Practice_Test.Vtigerwithindustriestype_Test"/>
</testsuite> <!-- Practice_Test.Vtigerwithindustriestype_Test -->
