<?xml version="1.0" encoding="UTF-8"?>
<!-- Generated by org.testng.reporters.JUnitReportReporter -->
<testsuite skipped="0" hostname="DESKTOP-F9SN8P7" name="Vtigerwithpomrepository.CreateOrgwithIndusTypepomlibTest" tests="1" failures="0" timestamp="2 Nov 2021 11:21:43 GMT" time="89.053" errors="0">
  <testcase name="createOrgwithIndusType" time="89.053" classname="Vtigerwithpomrepository.CreateOrgwithIndusTypepomlibTest"/>
</testsuite> <!-- Vtigerwithpomrepository.CreateOrgwithIndusTypepomlibTest -->
