<?xml version="1.0" encoding="UTF-8"?>
<!-- Generated by org.testng.reporters.JUnitReportReporter -->
<testsuite skipped="0" hostname="DESKTOP-F9SN8P7" name="Practice_test.VtiegerwithTestorgname" tests="1" failures="0" timestamp="28 Oct 2021 09:46:28 GMT" time="63.867" errors="0">
  <testcase name="createWithOrgname" time="63.867" classname="Practice_test.VtiegerwithTestorgname"/>
</testsuite> <!-- Practice_test.VtiegerwithTestorgname -->
