<?xml version="1.0" encoding="UTF-8"?>
<!-- Generated by org.testng.reporters.JUnitReportReporter -->
<testsuite hostname="DESKTOP-F9SN8P7" failures="0" tests="2" name="Vtigerwithpomrepository.CreateContactwithpomlibTest" time="243.883" errors="0" timestamp="2021-11-26T22:02:07 IST" skipped="0">
  <testcase classname="Vtigerwithpomrepository.CreateContactwithpomlibTest" name="CreatecontactwithOrgTest" time="190.969"/>
  <system-out/>
  <testcase classname="Vtigerwithpomrepository.CreateContactwithpomlibTest" name="createContact" time="52.914"/>
  <system-out/>
</testsuite> <!-- Vtigerwithpomrepository.CreateContactwithpomlibTest -->
