<?xml version="1.0" encoding="UTF-8"?>
<!-- Generated by org.testng.reporters.JUnitReportReporter -->
<testsuite skipped="0" hostname="DESKTOP-F9SN8P7" name="db_practice.MakeMytripFutureDateTest" tests="1" failures="0" timestamp="9 Nov 2021 06:56:52 GMT" time="48.610" errors="0">
  <testcase name="makeMyTripFutureTest" time="48.610" classname="db_practice.MakeMytripFutureDateTest"/>
</testsuite> <!-- db_practice.MakeMytripFutureDateTest -->
