<?xml version="1.0" encoding="UTF-8"?>
<!-- Generated by org.testng.reporters.JUnitReportReporter -->
<testsuite hostname="DESKTOP-F9SN8P7" failures="0" tests="2" name="Vtigerwithpomrepository.CreateContactwithpomlibTest" time="117.017" errors="0" timestamp="2021-11-09T23:24:42 IST" skipped="0">
  <testcase classname="Vtigerwithpomrepository.CreateContactwithpomlibTest" name="createContact" time="34.280"/>
  <system-out/>
  <testcase classname="Vtigerwithpomrepository.CreateContactwithpomlibTest" name="CreatecontactwithOrgTest" time="82.737"/>
  <system-out/>
</testsuite> <!-- Vtigerwithpomrepository.CreateContactwithpomlibTest -->
