<?xml version="1.0" encoding="UTF-8"?>
<!-- Generated by org.testng.reporters.JUnitReportReporter -->
<testsuite skipped="0" hostname="DESKTOP-F9SN8P7" name="testng1.Invocation1" tests="5" failures="0" timestamp="9 Oct 2021 02:34:09 GMT" time="0.047" errors="0">
  <testcase name="test2" time="0.000" classname="testng1.Invocation1"/>
  <testcase name="test2" time="0.015" classname="testng1.Invocation1"/>
  <testcase name="test1" time="0.000" classname="testng1.Invocation1"/>
  <testcase name="test1" time="0.016" classname="testng1.Invocation1"/>
  <testcase name="test1" time="0.016" classname="testng1.Invocation1"/>
</testsuite> <!-- testng1.Invocation1 -->
