<?xml version="1.0" encoding="UTF-8"?>
<!-- Generated by org.testng.reporters.JUnitReportReporter -->
<testsuite skipped="0" hostname="DESKTOP-F9SN8P7" name="assertions1.Asserdymanic" tests="1" failures="0" timestamp="12 Oct 2021 16:24:36 GMT" time="78.937" errors="0">
  <testcase name="test" time="78.937" classname="assertions1.Asserdymanic"/>
</testsuite> <!-- assertions1.Asserdymanic -->
