<?xml version="1.0" encoding="UTF-8"?>
<!-- Generated by org.testng.reporters.JUnitReportReporter -->
<testsuite skipped="0" hostname="DESKTOP-F9SN8P7" name="POM.Loginscript" tests="1" failures="0" timestamp="14 Oct 2021 13:50:54 GMT" time="31.667" errors="0">
  <testcase name="login" time="31.667" classname="POM.Loginscript"/>
</testsuite> <!-- POM.Loginscript -->
