<?xml version="1.0" encoding="UTF-8"?>
<!-- Generated by org.testng.reporters.JUnitReportReporter -->
<testsuite skipped="0" hostname="DESKTOP-F9SN8P7" name="testng1.Demo2" tests="2" failures="0" timestamp="8 Oct 2021 02:37:08 GMT" time="0.015" errors="0">
  <testcase name="test2" time="0.004" classname="testng1.Demo2"/>
  <testcase name="test3" time="0.011" classname="testng1.Demo2"/>
</testsuite> <!-- testng1.Demo2 -->
