<?xml version="1.0" encoding="UTF-8"?>
<!-- Generated by org.testng.reporters.JUnitReportReporter -->
<testsuite skipped="0" hostname="DESKTOP-F9SN8P7" name="testng1.Priporityoftesc" tests="2" failures="0" timestamp="9 Oct 2021 02:30:50 GMT" time="0.031" errors="0">
  <testcase name="test2" time="0.015" classname="testng1.Priporityoftesc"/>
  <testcase name="tes1" time="0.016" classname="testng1.Priporityoftesc"/>
</testsuite> <!-- testng1.Priporityoftesc -->
