<?xml version="1.0" encoding="UTF-8"?>
<!-- Generated by org.testng.reporters.JUnitReportReporter -->
<testsuite skipped="0" hostname="DESKTOP-F9SN8P7" name="testng1.Skiptestscript" tests="1" failures="0" timestamp="9 Oct 2021 02:37:46 GMT" time="0.016" errors="0">
  <testcase name="test2" time="0.016" classname="testng1.Skiptestscript"/>
</testsuite> <!-- testng1.Skiptestscript -->
